2024-03-25 22:45:54 INFO  Log:10 - ****************************************************************************************
2024-03-25 22:45:54 INFO  Log:11 - ****************************************************************************************
2024-03-25 22:45:54 INFO  Log:12 - $$$$$$$$$$$$$$$$$$$$$                 Search for a product and verify SignIn page       $$$$$$$$$$$$$$$$$$$$$$$$$
2024-03-25 22:45:54 INFO  Log:13 - ****************************************************************************************
2024-03-25 22:45:54 INFO  Log:14 - ****************************************************************************************
2024-03-25 22:47:24 INFO  Log:10 - ****************************************************************************************
2024-03-25 22:47:24 INFO  Log:11 - ****************************************************************************************
2024-03-25 22:47:24 INFO  Log:12 - $$$$$$$$$$$$$$$$$$$$$                 Search for a product and verify SignIn page       $$$$$$$$$$$$$$$$$$$$$$$$$
2024-03-25 22:47:24 INFO  Log:13 - ****************************************************************************************
2024-03-25 22:47:24 INFO  Log:14 - ****************************************************************************************
2024-03-25 22:47:24 INFO  Log:18 - XXXXXXXXXXXXXXXXXXXXXXX             -E---N---D-             XXXXXXXXXXXXXXXXXXXXXX
2024-03-25 22:47:24 INFO  Log:19 - X
2024-03-25 22:47:24 INFO  Log:20 - X
2024-03-25 22:47:24 INFO  Log:21 - X
2024-03-25 22:47:24 INFO  Log:22 - X
2024-03-25 22:55:08 INFO  Log:10 - ****************************************************************************************
2024-03-25 22:55:08 INFO  Log:11 - ****************************************************************************************
2024-03-25 22:55:08 INFO  Log:12 - $$$$$$$$$$$$$$$$$$$$$                 Search for a product and verify SignIn page       $$$$$$$$$$$$$$$$$$$$$$$$$
2024-03-25 22:55:08 INFO  Log:13 - ****************************************************************************************
2024-03-25 22:55:08 INFO  Log:14 - ****************************************************************************************
2024-03-25 22:55:08 INFO  Log:18 - XXXXXXXXXXXXXXXXXXXXXXX             -E---N---D-             XXXXXXXXXXXXXXXXXXXXXX
2024-03-25 22:55:08 INFO  Log:19 - X
2024-03-25 22:55:08 INFO  Log:20 - X
2024-03-25 22:55:08 INFO  Log:21 - X
2024-03-25 22:55:08 INFO  Log:22 - X
2024-03-25 22:56:04 INFO  Log:10 - ****************************************************************************************
2024-03-25 22:56:04 INFO  Log:11 - ****************************************************************************************
2024-03-25 22:56:04 INFO  Log:12 - $$$$$$$$$$$$$$$$$$$$$                 Search for a product and verify SignIn page       $$$$$$$$$$$$$$$$$$$$$$$$$
2024-03-25 22:56:04 INFO  Log:13 - ****************************************************************************************
2024-03-25 22:56:04 INFO  Log:14 - ****************************************************************************************
2024-03-25 22:56:04 INFO  Log:18 - XXXXXXXXXXXXXXXXXXXXXXX             -E---N---D-             XXXXXXXXXXXXXXXXXXXXXX
2024-03-25 22:56:04 INFO  Log:19 - X
2024-03-25 22:56:04 INFO  Log:20 - X
2024-03-25 22:56:04 INFO  Log:21 - X
2024-03-25 22:56:04 INFO  Log:22 - X
2024-03-25 22:57:52 INFO  Log:10 - ****************************************************************************************
2024-03-25 22:57:52 INFO  Log:11 - ****************************************************************************************
2024-03-25 22:57:52 INFO  Log:12 - $$$$$$$$$$$$$$$$$$$$$                 Search for a product and verify SignIn page       $$$$$$$$$$$$$$$$$$$$$$$$$
2024-03-25 22:57:52 INFO  Log:13 - ****************************************************************************************
2024-03-25 22:57:52 INFO  Log:14 - ****************************************************************************************
2024-03-25 22:57:52 INFO  Log:18 - XXXXXXXXXXXXXXXXXXXXXXX             -E---N---D-             XXXXXXXXXXXXXXXXXXXXXX
2024-03-25 22:57:52 INFO  Log:19 - X
2024-03-25 22:57:52 INFO  Log:20 - X
2024-03-25 22:57:52 INFO  Log:21 - X
2024-03-25 22:57:52 INFO  Log:22 - X
2024-03-25 22:59:05 INFO  Log:10 - ****************************************************************************************
2024-03-25 22:59:05 INFO  Log:11 - ****************************************************************************************
2024-03-25 22:59:05 INFO  Log:12 - $$$$$$$$$$$$$$$$$$$$$                 Search for a product and verify SignIn page       $$$$$$$$$$$$$$$$$$$$$$$$$
2024-03-25 22:59:05 INFO  Log:13 - ****************************************************************************************
2024-03-25 22:59:05 INFO  Log:14 - ****************************************************************************************
2024-03-25 22:59:05 INFO  Log:18 - XXXXXXXXXXXXXXXXXXXXXXX             -E---N---D-             XXXXXXXXXXXXXXXXXXXXXX
2024-03-25 22:59:05 INFO  Log:19 - X
2024-03-25 22:59:05 INFO  Log:20 - X
2024-03-25 22:59:05 INFO  Log:21 - X
2024-03-25 22:59:05 INFO  Log:22 - X
2024-03-25 22:59:42 INFO  Log:10 - ****************************************************************************************
2024-03-25 22:59:42 INFO  Log:11 - ****************************************************************************************
2024-03-25 22:59:42 INFO  Log:12 - $$$$$$$$$$$$$$$$$$$$$                 Search for a product and verify SignIn page       $$$$$$$$$$$$$$$$$$$$$$$$$
2024-03-25 22:59:42 INFO  Log:13 - ****************************************************************************************
2024-03-25 22:59:42 INFO  Log:14 - ****************************************************************************************
2024-03-25 22:59:42 INFO  Log:18 - XXXXXXXXXXXXXXXXXXXXXXX             -E---N---D-             XXXXXXXXXXXXXXXXXXXXXX
2024-03-25 22:59:42 INFO  Log:19 - X
2024-03-25 22:59:42 INFO  Log:20 - X
2024-03-25 22:59:42 INFO  Log:21 - X
2024-03-25 22:59:42 INFO  Log:22 - X
2024-03-25 23:02:53 INFO  Log:10 - ****************************************************************************************
2024-03-25 23:02:53 INFO  Log:11 - ****************************************************************************************
2024-03-25 23:02:53 INFO  Log:12 - $$$$$$$$$$$$$$$$$$$$$                 Search for a product and verify SignIn page       $$$$$$$$$$$$$$$$$$$$$$$$$
2024-03-25 23:02:53 INFO  Log:13 - ****************************************************************************************
2024-03-25 23:02:53 INFO  Log:14 - ****************************************************************************************
2024-03-25 23:02:53 INFO  Log:18 - XXXXXXXXXXXXXXXXXXXXXXX             -E---N---D-             XXXXXXXXXXXXXXXXXXXXXX
2024-03-25 23:02:53 INFO  Log:19 - X
2024-03-25 23:02:53 INFO  Log:20 - X
2024-03-25 23:02:53 INFO  Log:21 - X
2024-03-25 23:02:53 INFO  Log:22 - X
2024-03-25 23:05:51 INFO  Log:10 - ****************************************************************************************
2024-03-25 23:05:51 INFO  Log:11 - ****************************************************************************************
2024-03-25 23:05:51 INFO  Log:12 - $$$$$$$$$$$$$$$$$$$$$                 Search for a product and verify SignIn page       $$$$$$$$$$$$$$$$$$$$$$$$$
2024-03-25 23:05:51 INFO  Log:13 - ****************************************************************************************
2024-03-25 23:05:51 INFO  Log:14 - ****************************************************************************************
2024-03-25 23:05:51 INFO  Log:18 - XXXXXXXXXXXXXXXXXXXXXXX             -E---N---D-             XXXXXXXXXXXXXXXXXXXXXX
2024-03-25 23:05:51 INFO  Log:19 - X
2024-03-25 23:05:51 INFO  Log:20 - X
2024-03-25 23:05:51 INFO  Log:21 - X
2024-03-25 23:05:51 INFO  Log:22 - X
2024-03-25 23:07:49 INFO  Log:10 - ****************************************************************************************
2024-03-25 23:07:49 INFO  Log:11 - ****************************************************************************************
2024-03-25 23:07:49 INFO  Log:12 - $$$$$$$$$$$$$$$$$$$$$                 Search for a product and verify SignIn page       $$$$$$$$$$$$$$$$$$$$$$$$$
2024-03-25 23:07:49 INFO  Log:13 - ****************************************************************************************
2024-03-25 23:07:49 INFO  Log:14 - ****************************************************************************************
2024-03-25 23:07:49 INFO  Log:18 - XXXXXXXXXXXXXXXXXXXXXXX             -E---N---D-             XXXXXXXXXXXXXXXXXXXXXX
2024-03-25 23:07:49 INFO  Log:19 - X
2024-03-25 23:07:49 INFO  Log:20 - X
2024-03-25 23:07:49 INFO  Log:21 - X
2024-03-25 23:07:49 INFO  Log:22 - X
2024-03-25 23:10:33 INFO  Log:10 - ****************************************************************************************
2024-03-25 23:10:33 INFO  Log:11 - ****************************************************************************************
2024-03-25 23:10:33 INFO  Log:12 - $$$$$$$$$$$$$$$$$$$$$                 Search for a product and verify SignIn page       $$$$$$$$$$$$$$$$$$$$$$$$$
2024-03-25 23:10:33 INFO  Log:13 - ****************************************************************************************
2024-03-25 23:10:33 INFO  Log:14 - ****************************************************************************************
2024-03-25 23:10:33 INFO  Log:18 - XXXXXXXXXXXXXXXXXXXXXXX             -E---N---D-             XXXXXXXXXXXXXXXXXXXXXX
2024-03-25 23:10:33 INFO  Log:19 - X
2024-03-25 23:10:33 INFO  Log:20 - X
2024-03-25 23:10:33 INFO  Log:21 - X
2024-03-25 23:10:33 INFO  Log:22 - X
2024-03-25 23:12:04 INFO  Log:10 - ****************************************************************************************
2024-03-25 23:12:04 INFO  Log:11 - ****************************************************************************************
2024-03-25 23:12:04 INFO  Log:12 - $$$$$$$$$$$$$$$$$$$$$                 Search for a product and verify SignIn page       $$$$$$$$$$$$$$$$$$$$$$$$$
2024-03-25 23:12:04 INFO  Log:13 - ****************************************************************************************
2024-03-25 23:12:04 INFO  Log:14 - ****************************************************************************************
2024-03-25 23:12:04 INFO  Log:18 - XXXXXXXXXXXXXXXXXXXXXXX             -E---N---D-             XXXXXXXXXXXXXXXXXXXXXX
2024-03-25 23:12:04 INFO  Log:19 - X
2024-03-25 23:12:04 INFO  Log:20 - X
2024-03-25 23:12:04 INFO  Log:21 - X
2024-03-25 23:12:04 INFO  Log:22 - X
2024-03-25 23:13:01 INFO  Log:10 - ****************************************************************************************
2024-03-25 23:13:01 INFO  Log:11 - ****************************************************************************************
2024-03-25 23:13:01 INFO  Log:12 - $$$$$$$$$$$$$$$$$$$$$                 Search for a product and verify SignIn page       $$$$$$$$$$$$$$$$$$$$$$$$$
2024-03-25 23:13:01 INFO  Log:13 - ****************************************************************************************
2024-03-25 23:13:01 INFO  Log:14 - ****************************************************************************************
2024-03-25 23:13:01 INFO  Log:18 - XXXXXXXXXXXXXXXXXXXXXXX             -E---N---D-             XXXXXXXXXXXXXXXXXXXXXX
2024-03-25 23:13:01 INFO  Log:19 - X
2024-03-25 23:13:01 INFO  Log:20 - X
2024-03-25 23:13:01 INFO  Log:21 - X
2024-03-25 23:13:01 INFO  Log:22 - X
2024-03-25 23:14:54 INFO  Log:10 - ****************************************************************************************
2024-03-25 23:14:54 INFO  Log:11 - ****************************************************************************************
2024-03-25 23:14:54 INFO  Log:12 - $$$$$$$$$$$$$$$$$$$$$                 Search for a product and verify SignIn page       $$$$$$$$$$$$$$$$$$$$$$$$$
2024-03-25 23:14:54 INFO  Log:13 - ****************************************************************************************
2024-03-25 23:14:54 INFO  Log:14 - ****************************************************************************************
2024-03-25 23:14:54 INFO  Log:18 - XXXXXXXXXXXXXXXXXXXXXXX             -E---N---D-             XXXXXXXXXXXXXXXXXXXXXX
2024-03-25 23:14:54 INFO  Log:19 - X
2024-03-25 23:14:54 INFO  Log:20 - X
2024-03-25 23:14:54 INFO  Log:21 - X
2024-03-25 23:14:54 INFO  Log:22 - X
2024-03-25 23:18:24 INFO  Log:10 - ****************************************************************************************
2024-03-25 23:18:24 INFO  Log:11 - ****************************************************************************************
2024-03-25 23:18:24 INFO  Log:12 - $$$$$$$$$$$$$$$$$$$$$                 Search for a product and verify SignIn page       $$$$$$$$$$$$$$$$$$$$$$$$$
2024-03-25 23:18:24 INFO  Log:13 - ****************************************************************************************
2024-03-25 23:18:24 INFO  Log:14 - ****************************************************************************************
2024-03-25 23:20:12 INFO  Log:10 - ****************************************************************************************
2024-03-25 23:20:12 INFO  Log:11 - ****************************************************************************************
2024-03-25 23:20:12 INFO  Log:12 - $$$$$$$$$$$$$$$$$$$$$                 Search for a product and verify SignIn page       $$$$$$$$$$$$$$$$$$$$$$$$$
2024-03-25 23:20:12 INFO  Log:13 - ****************************************************************************************
2024-03-25 23:20:12 INFO  Log:14 - ****************************************************************************************
2024-03-25 23:22:14 INFO  Log:10 - ****************************************************************************************
2024-03-25 23:22:14 INFO  Log:11 - ****************************************************************************************
2024-03-25 23:22:14 INFO  Log:12 - $$$$$$$$$$$$$$$$$$$$$                 Search for a product and verify SignIn page       $$$$$$$$$$$$$$$$$$$$$$$$$
2024-03-25 23:22:14 INFO  Log:13 - ****************************************************************************************
2024-03-25 23:22:14 INFO  Log:14 - ****************************************************************************************
2024-03-25 23:24:17 INFO  Log:10 - ****************************************************************************************
2024-03-25 23:24:17 INFO  Log:11 - ****************************************************************************************
2024-03-25 23:24:17 INFO  Log:12 - $$$$$$$$$$$$$$$$$$$$$                 Search for a product and verify SignIn page       $$$$$$$$$$$$$$$$$$$$$$$$$
2024-03-25 23:24:17 INFO  Log:13 - ****************************************************************************************
2024-03-25 23:24:17 INFO  Log:14 - ****************************************************************************************
2024-03-25 23:24:46 INFO  Log:18 - XXXXXXXXXXXXXXXXXXXXXXX             -E---N---D-             XXXXXXXXXXXXXXXXXXXXXX
2024-03-25 23:24:46 INFO  Log:19 - X
2024-03-25 23:24:46 INFO  Log:20 - X
2024-03-25 23:24:46 INFO  Log:21 - X
2024-03-25 23:24:46 INFO  Log:22 - X
2024-03-25 23:25:45 INFO  Log:10 - ****************************************************************************************
2024-03-25 23:25:45 INFO  Log:11 - ****************************************************************************************
2024-03-25 23:25:45 INFO  Log:12 - $$$$$$$$$$$$$$$$$$$$$                 Search for a product and verify SignIn page       $$$$$$$$$$$$$$$$$$$$$$$$$
2024-03-25 23:25:45 INFO  Log:13 - ****************************************************************************************
2024-03-25 23:25:45 INFO  Log:14 - ****************************************************************************************
2024-03-25 23:26:15 INFO  Log:18 - XXXXXXXXXXXXXXXXXXXXXXX             -E---N---D-             XXXXXXXXXXXXXXXXXXXXXX
2024-03-25 23:26:15 INFO  Log:19 - X
2024-03-25 23:26:15 INFO  Log:20 - X
2024-03-25 23:26:15 INFO  Log:21 - X
2024-03-25 23:26:15 INFO  Log:22 - X
2025-01-26 19:07:11 INFO  Log:10 - ****************************************************************************************
2025-01-26 19:07:11 INFO  Log:11 - ****************************************************************************************
2025-01-26 19:07:11 INFO  Log:12 - $$$$$$$$$$$$$$$$$$$$$                 Search for a product and verify SignIn page       $$$$$$$$$$$$$$$$$$$$$$$$$
2025-01-26 19:07:11 INFO  Log:13 - ****************************************************************************************
2025-01-26 19:07:11 INFO  Log:14 - ****************************************************************************************
2025-01-27 09:15:31 INFO  Log:10 - ****************************************************************************************
2025-01-27 09:15:31 INFO  Log:11 - ****************************************************************************************
2025-01-27 09:15:31 INFO  Log:12 - $$$$$$$$$$$$$$$$$$$$$                 Search for a product and verify SignIn page       $$$$$$$$$$$$$$$$$$$$$$$$$
2025-01-27 09:15:31 INFO  Log:13 - ****************************************************************************************
2025-01-27 09:15:31 INFO  Log:14 - ****************************************************************************************
2025-01-27 21:59:03 INFO  Log:10 - ****************************************************************************************
2025-01-27 21:59:03 INFO  Log:11 - ****************************************************************************************
2025-01-27 21:59:03 INFO  Log:12 - $$$$$$$$$$$$$$$$$$$$$                 Verify user can successfully complete a purchase       $$$$$$$$$$$$$$$$$$$$$$$$$
2025-01-27 21:59:03 INFO  Log:13 - ****************************************************************************************
2025-01-27 21:59:03 INFO  Log:14 - ****************************************************************************************
2025-01-27 22:02:47 INFO  Log:10 - ****************************************************************************************
2025-01-27 22:02:47 INFO  Log:11 - ****************************************************************************************
2025-01-27 22:02:47 INFO  Log:12 - $$$$$$$$$$$$$$$$$$$$$                 Verify user can successfully complete a purchase       $$$$$$$$$$$$$$$$$$$$$$$$$
2025-01-27 22:02:47 INFO  Log:13 - ****************************************************************************************
2025-01-27 22:02:47 INFO  Log:14 - ****************************************************************************************
2025-01-27 22:03:36 INFO  Log:18 - XXXXXXXXXXXXXXXXXXXXXXX             -E---N---D-             XXXXXXXXXXXXXXXXXXXXXX
2025-01-27 22:03:36 INFO  Log:19 - X
2025-01-27 22:03:36 INFO  Log:20 - X
2025-01-27 22:03:36 INFO  Log:21 - X
2025-01-27 22:03:36 INFO  Log:22 - X
2025-01-27 22:05:39 INFO  Log:10 - ****************************************************************************************
2025-01-27 22:05:39 INFO  Log:11 - ****************************************************************************************
2025-01-27 22:05:39 INFO  Log:12 - $$$$$$$$$$$$$$$$$$$$$                 Verify user can successfully complete a purchase       $$$$$$$$$$$$$$$$$$$$$$$$$
2025-01-27 22:05:39 INFO  Log:13 - ****************************************************************************************
2025-01-27 22:05:39 INFO  Log:14 - ****************************************************************************************
2025-01-27 22:05:44 INFO  Log:18 - XXXXXXXXXXXXXXXXXXXXXXX             -E---N---D-             XXXXXXXXXXXXXXXXXXXXXX
2025-01-27 22:05:44 INFO  Log:19 - X
2025-01-27 22:05:44 INFO  Log:20 - X
2025-01-27 22:05:44 INFO  Log:21 - X
2025-01-27 22:05:44 INFO  Log:22 - X
2025-01-27 22:06:24 INFO  Log:10 - ****************************************************************************************
2025-01-27 22:06:24 INFO  Log:11 - ****************************************************************************************
2025-01-27 22:06:24 INFO  Log:12 - $$$$$$$$$$$$$$$$$$$$$                 Verify user can successfully complete a purchase       $$$$$$$$$$$$$$$$$$$$$$$$$
2025-01-27 22:06:24 INFO  Log:13 - ****************************************************************************************
2025-01-27 22:06:24 INFO  Log:14 - ****************************************************************************************
2025-01-27 22:06:29 INFO  Log:18 - XXXXXXXXXXXXXXXXXXXXXXX             -E---N---D-             XXXXXXXXXXXXXXXXXXXXXX
2025-01-27 22:06:29 INFO  Log:19 - X
2025-01-27 22:06:29 INFO  Log:20 - X
2025-01-27 22:06:29 INFO  Log:21 - X
2025-01-27 22:06:29 INFO  Log:22 - X
2025-01-27 22:35:57 INFO  Log:10 - ****************************************************************************************
2025-01-27 22:35:57 INFO  Log:11 - ****************************************************************************************
2025-01-27 22:35:57 INFO  Log:12 - $$$$$$$$$$$$$$$$$$$$$                 Verify user can successfully complete a purchase       $$$$$$$$$$$$$$$$$$$$$$$$$
2025-01-27 22:35:57 INFO  Log:13 - ****************************************************************************************
2025-01-27 22:35:57 INFO  Log:14 - ****************************************************************************************
2025-01-27 22:36:07 INFO  Log:18 - XXXXXXXXXXXXXXXXXXXXXXX             -E---N---D-             XXXXXXXXXXXXXXXXXXXXXX
2025-01-27 22:36:07 INFO  Log:19 - X
2025-01-27 22:36:07 INFO  Log:20 - X
2025-01-27 22:36:07 INFO  Log:21 - X
2025-01-27 22:36:07 INFO  Log:22 - X
2025-01-27 22:37:22 INFO  Log:10 - ****************************************************************************************
2025-01-27 22:37:22 INFO  Log:11 - ****************************************************************************************
2025-01-27 22:37:22 INFO  Log:12 - $$$$$$$$$$$$$$$$$$$$$                 Verify user can successfully complete a purchase       $$$$$$$$$$$$$$$$$$$$$$$$$
2025-01-27 22:37:22 INFO  Log:13 - ****************************************************************************************
2025-01-27 22:37:22 INFO  Log:14 - ****************************************************************************************
2025-01-27 22:37:31 INFO  Log:18 - XXXXXXXXXXXXXXXXXXXXXXX             -E---N---D-             XXXXXXXXXXXXXXXXXXXXXX
2025-01-27 22:37:31 INFO  Log:19 - X
2025-01-27 22:37:31 INFO  Log:20 - X
2025-01-27 22:37:31 INFO  Log:21 - X
2025-01-27 22:37:31 INFO  Log:22 - X
2025-01-27 22:40:19 INFO  Log:10 - ****************************************************************************************
2025-01-27 22:40:19 INFO  Log:11 - ****************************************************************************************
2025-01-27 22:40:19 INFO  Log:12 - $$$$$$$$$$$$$$$$$$$$$                 Verify user can successfully complete a purchase       $$$$$$$$$$$$$$$$$$$$$$$$$
2025-01-27 22:40:19 INFO  Log:13 - ****************************************************************************************
2025-01-27 22:40:19 INFO  Log:14 - ****************************************************************************************
2025-01-27 22:41:14 INFO  Log:18 - XXXXXXXXXXXXXXXXXXXXXXX             -E---N---D-             XXXXXXXXXXXXXXXXXXXXXX
2025-01-27 22:41:14 INFO  Log:19 - X
2025-01-27 22:41:14 INFO  Log:20 - X
2025-01-27 22:41:14 INFO  Log:21 - X
2025-01-27 22:41:14 INFO  Log:22 - X
2025-01-27 22:52:13 INFO  Log:10 - ****************************************************************************************
2025-01-27 22:52:13 INFO  Log:11 - ****************************************************************************************
2025-01-27 22:52:13 INFO  Log:12 - $$$$$$$$$$$$$$$$$$$$$                 Verify user can successfully complete a purchase       $$$$$$$$$$$$$$$$$$$$$$$$$
2025-01-27 22:52:13 INFO  Log:13 - ****************************************************************************************
2025-01-27 22:52:13 INFO  Log:14 - ****************************************************************************************
2025-01-27 22:53:17 INFO  Log:10 - ****************************************************************************************
2025-01-27 22:53:17 INFO  Log:11 - ****************************************************************************************
2025-01-27 22:53:17 INFO  Log:12 - $$$$$$$$$$$$$$$$$$$$$                 Verify user can successfully complete a purchase       $$$$$$$$$$$$$$$$$$$$$$$$$
2025-01-27 22:53:17 INFO  Log:13 - ****************************************************************************************
2025-01-27 22:53:17 INFO  Log:14 - ****************************************************************************************
2025-01-27 22:54:14 INFO  Log:18 - XXXXXXXXXXXXXXXXXXXXXXX             -E---N---D-             XXXXXXXXXXXXXXXXXXXXXX
2025-01-27 22:54:14 INFO  Log:19 - X
2025-01-27 22:54:14 INFO  Log:20 - X
2025-01-27 22:54:14 INFO  Log:21 - X
2025-01-27 22:54:14 INFO  Log:22 - X
2025-01-27 22:54:58 INFO  Log:10 - ****************************************************************************************
2025-01-27 22:54:58 INFO  Log:11 - ****************************************************************************************
2025-01-27 22:54:58 INFO  Log:12 - $$$$$$$$$$$$$$$$$$$$$                 Verify user can successfully complete a purchase       $$$$$$$$$$$$$$$$$$$$$$$$$
2025-01-27 22:54:58 INFO  Log:13 - ****************************************************************************************
2025-01-27 22:54:58 INFO  Log:14 - ****************************************************************************************
2025-01-27 22:56:40 INFO  Log:10 - ****************************************************************************************
2025-01-27 22:56:40 INFO  Log:11 - ****************************************************************************************
2025-01-27 22:56:40 INFO  Log:12 - $$$$$$$$$$$$$$$$$$$$$                 Verify user can successfully complete a purchase       $$$$$$$$$$$$$$$$$$$$$$$$$
2025-01-27 22:56:40 INFO  Log:13 - ****************************************************************************************
2025-01-27 22:56:40 INFO  Log:14 - ****************************************************************************************
2025-01-27 22:57:51 INFO  Log:10 - ****************************************************************************************
2025-01-27 22:57:51 INFO  Log:11 - ****************************************************************************************
2025-01-27 22:57:51 INFO  Log:12 - $$$$$$$$$$$$$$$$$$$$$                 Verify user can successfully complete a purchase       $$$$$$$$$$$$$$$$$$$$$$$$$
2025-01-27 22:57:51 INFO  Log:13 - ****************************************************************************************
2025-01-27 22:57:51 INFO  Log:14 - ****************************************************************************************
2025-01-27 22:58:01 INFO  Log:18 - XXXXXXXXXXXXXXXXXXXXXXX             -E---N---D-             XXXXXXXXXXXXXXXXXXXXXX
2025-01-27 22:58:01 INFO  Log:19 - X
2025-01-27 22:58:01 INFO  Log:20 - X
2025-01-27 22:58:01 INFO  Log:21 - X
2025-01-27 22:58:01 INFO  Log:22 - X
2025-01-27 23:01:08 INFO  Log:10 - ****************************************************************************************
2025-01-27 23:01:08 INFO  Log:11 - ****************************************************************************************
2025-01-27 23:01:08 INFO  Log:12 - $$$$$$$$$$$$$$$$$$$$$                 Verify user can successfully complete a purchase       $$$$$$$$$$$$$$$$$$$$$$$$$
2025-01-27 23:01:08 INFO  Log:13 - ****************************************************************************************
2025-01-27 23:01:08 INFO  Log:14 - ****************************************************************************************
2025-01-27 23:02:06 INFO  Log:18 - XXXXXXXXXXXXXXXXXXXXXXX             -E---N---D-             XXXXXXXXXXXXXXXXXXXXXX
2025-01-27 23:02:06 INFO  Log:19 - X
2025-01-27 23:02:06 INFO  Log:20 - X
2025-01-27 23:02:06 INFO  Log:21 - X
2025-01-27 23:02:06 INFO  Log:22 - X
2025-01-27 23:06:50 INFO  Log:10 - ****************************************************************************************
2025-01-27 23:06:50 INFO  Log:11 - ****************************************************************************************
2025-01-27 23:06:50 INFO  Log:12 - $$$$$$$$$$$$$$$$$$$$$                 Verify user can successfully complete a purchase       $$$$$$$$$$$$$$$$$$$$$$$$$
2025-01-27 23:06:50 INFO  Log:13 - ****************************************************************************************
2025-01-27 23:06:50 INFO  Log:14 - ****************************************************************************************
2025-01-27 23:07:12 INFO  Log:18 - XXXXXXXXXXXXXXXXXXXXXXX             -E---N---D-             XXXXXXXXXXXXXXXXXXXXXX
2025-01-27 23:07:12 INFO  Log:19 - X
2025-01-27 23:07:12 INFO  Log:20 - X
2025-01-27 23:07:12 INFO  Log:21 - X
2025-01-27 23:07:12 INFO  Log:22 - X
2025-01-27 23:08:28 INFO  Log:10 - ****************************************************************************************
2025-01-27 23:08:28 INFO  Log:11 - ****************************************************************************************
2025-01-27 23:08:28 INFO  Log:12 - $$$$$$$$$$$$$$$$$$$$$                 Verify user can successfully complete a purchase       $$$$$$$$$$$$$$$$$$$$$$$$$
2025-01-27 23:08:28 INFO  Log:13 - ****************************************************************************************
2025-01-27 23:08:28 INFO  Log:14 - ****************************************************************************************
2025-01-27 23:08:38 INFO  Log:18 - XXXXXXXXXXXXXXXXXXXXXXX             -E---N---D-             XXXXXXXXXXXXXXXXXXXXXX
2025-01-27 23:08:38 INFO  Log:19 - X
2025-01-27 23:08:38 INFO  Log:20 - X
2025-01-27 23:08:38 INFO  Log:21 - X
2025-01-27 23:08:38 INFO  Log:22 - X
2025-01-27 23:15:17 INFO  Log:10 - ****************************************************************************************
2025-01-27 23:15:17 INFO  Log:11 - ****************************************************************************************
2025-01-27 23:15:17 INFO  Log:12 - $$$$$$$$$$$$$$$$$$$$$                 Verify user can successfully complete a purchase       $$$$$$$$$$$$$$$$$$$$$$$$$
2025-01-27 23:15:17 INFO  Log:13 - ****************************************************************************************
2025-01-27 23:15:17 INFO  Log:14 - ****************************************************************************************
2025-01-27 23:16:00 INFO  Log:18 - XXXXXXXXXXXXXXXXXXXXXXX             -E---N---D-             XXXXXXXXXXXXXXXXXXXXXX
2025-01-27 23:16:00 INFO  Log:19 - X
2025-01-27 23:16:00 INFO  Log:20 - X
2025-01-27 23:16:00 INFO  Log:21 - X
2025-01-27 23:16:00 INFO  Log:22 - X
2025-01-27 23:32:21 INFO  Log:10 - ****************************************************************************************
2025-01-27 23:32:21 INFO  Log:11 - ****************************************************************************************
2025-01-27 23:32:21 INFO  Log:12 - $$$$$$$$$$$$$$$$$$$$$                 Verify user can successfully complete a purchase       $$$$$$$$$$$$$$$$$$$$$$$$$
2025-01-27 23:32:21 INFO  Log:13 - ****************************************************************************************
2025-01-27 23:32:21 INFO  Log:14 - ****************************************************************************************
2025-01-27 23:33:36 INFO  Log:18 - XXXXXXXXXXXXXXXXXXXXXXX             -E---N---D-             XXXXXXXXXXXXXXXXXXXXXX
2025-01-27 23:33:36 INFO  Log:19 - X
2025-01-27 23:33:36 INFO  Log:20 - X
2025-01-27 23:33:36 INFO  Log:21 - X
2025-01-27 23:33:36 INFO  Log:22 - X
2025-01-27 23:40:09 INFO  Log:10 - ****************************************************************************************
2025-01-27 23:40:09 INFO  Log:11 - ****************************************************************************************
2025-01-27 23:40:09 INFO  Log:12 - $$$$$$$$$$$$$$$$$$$$$                 Verify user can successfully complete a purchase       $$$$$$$$$$$$$$$$$$$$$$$$$
2025-01-27 23:40:09 INFO  Log:13 - ****************************************************************************************
2025-01-27 23:40:09 INFO  Log:14 - ****************************************************************************************
2025-01-27 23:41:06 INFO  Log:18 - XXXXXXXXXXXXXXXXXXXXXXX             -E---N---D-             XXXXXXXXXXXXXXXXXXXXXX
2025-01-27 23:41:06 INFO  Log:19 - X
2025-01-27 23:41:06 INFO  Log:20 - X
2025-01-27 23:41:06 INFO  Log:21 - X
2025-01-27 23:41:06 INFO  Log:22 - X
2025-01-27 23:50:08 INFO  Log:10 - ****************************************************************************************
2025-01-27 23:50:08 INFO  Log:11 - ****************************************************************************************
2025-01-27 23:50:08 INFO  Log:12 - $$$$$$$$$$$$$$$$$$$$$                 Verify user can successfully complete a purchase       $$$$$$$$$$$$$$$$$$$$$$$$$
2025-01-27 23:50:08 INFO  Log:13 - ****************************************************************************************
2025-01-27 23:50:08 INFO  Log:14 - ****************************************************************************************
2025-01-27 23:51:13 INFO  Log:18 - XXXXXXXXXXXXXXXXXXXXXXX             -E---N---D-             XXXXXXXXXXXXXXXXXXXXXX
2025-01-27 23:51:13 INFO  Log:19 - X
2025-01-27 23:51:13 INFO  Log:20 - X
2025-01-27 23:51:13 INFO  Log:21 - X
2025-01-27 23:51:13 INFO  Log:22 - X
2025-01-27 23:51:40 INFO  Log:10 - ****************************************************************************************
2025-01-27 23:51:40 INFO  Log:11 - ****************************************************************************************
2025-01-27 23:51:40 INFO  Log:12 - $$$$$$$$$$$$$$$$$$$$$                 Verify user can successfully complete a purchase       $$$$$$$$$$$$$$$$$$$$$$$$$
2025-01-27 23:51:40 INFO  Log:13 - ****************************************************************************************
2025-01-27 23:51:40 INFO  Log:14 - ****************************************************************************************
2025-01-27 23:52:48 INFO  Log:18 - XXXXXXXXXXXXXXXXXXXXXXX             -E---N---D-             XXXXXXXXXXXXXXXXXXXXXX
2025-01-27 23:52:48 INFO  Log:19 - X
2025-01-27 23:52:48 INFO  Log:20 - X
2025-01-27 23:52:48 INFO  Log:21 - X
2025-01-27 23:52:48 INFO  Log:22 - X
2025-01-28 00:03:35 INFO  Log:18 - XXXXXXXXXXXXXXXXXXXXXXX             -E---N---D-             XXXXXXXXXXXXXXXXXXXXXX
2025-01-28 00:03:35 INFO  Log:19 - X
2025-01-28 00:03:35 INFO  Log:20 - X
2025-01-28 00:03:35 INFO  Log:21 - X
2025-01-28 00:03:35 INFO  Log:22 - X
2025-01-28 00:08:26 INFO  Log:18 - XXXXXXXXXXXXXXXXXXXXXXX             -E---N---D-             XXXXXXXXXXXXXXXXXXXXXX
2025-01-28 00:08:26 INFO  Log:19 - X
2025-01-28 00:08:26 INFO  Log:20 - X
2025-01-28 00:08:26 INFO  Log:21 - X
2025-01-28 00:08:26 INFO  Log:22 - X
2025-01-28 00:12:03 INFO  Log:18 - XXXXXXXXXXXXXXXXXXXXXXX             -E---N---D-             XXXXXXXXXXXXXXXXXXXXXX
2025-01-28 00:12:03 INFO  Log:19 - X
2025-01-28 00:12:03 INFO  Log:20 - X
2025-01-28 00:12:03 INFO  Log:21 - X
2025-01-28 00:12:03 INFO  Log:22 - X
2025-01-28 00:22:42 INFO  Log:18 - XXXXXXXXXXXXXXXXXXXXXXX             -E---N---D-             XXXXXXXXXXXXXXXXXXXXXX
2025-01-28 00:22:42 INFO  Log:19 - X
2025-01-28 00:22:42 INFO  Log:20 - X
2025-01-28 00:22:42 INFO  Log:21 - X
2025-01-28 00:22:42 INFO  Log:22 - X
2025-01-28 00:24:50 INFO  Log:18 - XXXXXXXXXXXXXXXXXXXXXXX             -E---N---D-             XXXXXXXXXXXXXXXXXXXXXX
2025-01-28 00:24:50 INFO  Log:19 - X
2025-01-28 00:24:50 INFO  Log:20 - X
2025-01-28 00:24:50 INFO  Log:21 - X
2025-01-28 00:24:50 INFO  Log:22 - X
2025-01-28 08:57:45 INFO  Log:18 - XXXXXXXXXXXXXXXXXXXXXXX             -E---N---D-             XXXXXXXXXXXXXXXXXXXXXX
2025-01-28 08:57:45 INFO  Log:19 - X
2025-01-28 08:57:45 INFO  Log:20 - X
2025-01-28 08:57:45 INFO  Log:21 - X
2025-01-28 08:57:45 INFO  Log:22 - X
2025-01-28 09:53:49 INFO  Log:18 - XXXXXXXXXXXXXXXXXXXXXXX             -E---N---D-             XXXXXXXXXXXXXXXXXXXXXX
2025-01-28 09:53:49 INFO  Log:19 - X
2025-01-28 09:53:49 INFO  Log:20 - X
2025-01-28 09:53:49 INFO  Log:21 - X
2025-01-28 09:53:49 INFO  Log:22 - X
2025-01-28 09:58:07 INFO  Log:18 - XXXXXXXXXXXXXXXXXXXXXXX             -E---N---D-             XXXXXXXXXXXXXXXXXXXXXX
2025-01-28 09:58:07 INFO  Log:19 - X
2025-01-28 09:58:07 INFO  Log:20 - X
2025-01-28 09:58:07 INFO  Log:21 - X
2025-01-28 09:58:07 INFO  Log:22 - X
2025-01-28 10:00:27 INFO  Log:18 - XXXXXXXXXXXXXXXXXXXXXXX             -E---N---D-             XXXXXXXXXXXXXXXXXXXXXX
2025-01-28 10:00:27 INFO  Log:19 - X
2025-01-28 10:00:27 INFO  Log:20 - X
2025-01-28 10:00:27 INFO  Log:21 - X
2025-01-28 10:00:27 INFO  Log:22 - X
